2025-10-25 11:33:26,226 [INFO] Activator:176 - 


2025-10-25 11:33:26,229 [INFO] Activator:177 - !SESSION log4j initialized
2025-10-25 11:33:30,060 [INFO] LogOutputStream:77 - [STDOUT_REDIRECT] 
2025-10-25 11:33:32,372 [INFO] ApplicationProperties:184 - Using Application install path: C:\ST\STM32CubeIDE_1.17.0\STM32CubeIDE\plugins\com.st.stm32cube.common.mx_6.13.0.202411220809
2025-10-25 11:33:32,388 [INFO] DbMcusXml:78 - Set database path to: C:\ST\STM32CubeIDE_1.17.0\STM32CubeIDE\plugins\com.st.stm32cube.common.mx_6.13.0.202411220809\\db\/mcu/
2025-10-25 11:33:32,388 [INFO] ApiDb:274 - Set plugin database path to: C:\ST\STM32CubeIDE_1.17.0\STM32CubeIDE\plugins\com.st.stm32cube.common.mx_6.13.0.202411220809\\db\/plugins/boardmanager/
2025-10-25 11:33:32,390 [WARN] ApiDb:259 - Overriding images path with different value:  => C:\ST\STM32CubeIDE_1.17.0\STM32CubeIDE\plugins\com.st.stm32cube.common.mx_6.13.0.202411220809\\db\/plugins/mcufinder/images/
2025-10-25 11:33:32,397 [INFO] ApiDb:250 - Set database path to: C:\Users\Owner\.stmcufinder\plugins\mcufinder//mcu/
2025-10-25 11:33:32,398 [INFO] DbMcusAds:125 - Set database path to: C:\Users\Owner\.stmcufinder\plugins\mcufinder//mcu/
2025-10-25 11:33:32,402 [INFO] CrossReferenceDbSqlite:203 - Set database path to: C:\Users\Owner\.stmcufinder\plugins\mcufinder//mcu/cs/
2025-10-25 11:33:32,536 [INFO] RulesReader:64 - Compatibility file has been processed (297 Rules)
2025-10-25 11:33:32,611 [INFO] DbMcusXml:78 - Set database path to: C:\ST\STM32CubeIDE_1.17.0\STM32CubeIDE\plugins\com.st.stm32cube.common.mx_6.13.0.202411220809\\db\/mcu/
2025-10-25 11:33:32,611 [INFO] ApiDb:274 - Set plugin database path to: C:\ST\STM32CubeIDE_1.17.0\STM32CubeIDE\plugins\com.st.stm32cube.common.mx_6.13.0.202411220809\\db\/plugins/boardmanager/
2025-10-25 11:33:32,612 [INFO] ApiDb:261 - Set plugin images path to: C:\ST\STM32CubeIDE_1.17.0\STM32CubeIDE\plugins\com.st.stm32cube.common.mx_6.13.0.202411220809\\db\/plugins/mcufinder/images/
2025-10-25 11:33:32,612 [WARN] DbFile:41 - Overriding database path with different value: C:\Users\Owner\.stmcufinder\plugins\mcufinder/ => C:\Users\Owner\.stmcufinder\plugins\mcufinder
2025-10-25 11:33:32,612 [INFO] ApiDb:250 - Set database path to: C:\Users\Owner\.stmcufinder\plugins\mcufinder//mcu/
2025-10-25 11:33:32,612 [WARN] DbFile:41 - Overriding database path with different value: C:\Users\Owner\.stmcufinder\plugins\mcufinder/ => C:\Users\Owner\.stmcufinder\plugins\mcufinder
2025-10-25 11:33:32,612 [INFO] DbMcusAds:125 - Set database path to: C:\Users\Owner\.stmcufinder\plugins\mcufinder//mcu/
2025-10-25 11:33:32,612 [WARN] DbFile:41 - Overriding database path with different value: C:\Users\Owner\.stmcufinder\plugins\mcufinder/ => C:\Users\Owner\.stmcufinder\plugins\mcufinder
2025-10-25 11:33:32,612 [WARN] DbFile:41 - Overriding database path with different value: C:\Users\Owner\.stmcufinder\plugins\mcufinder/ => C:\Users\Owner\.stmcufinder\plugins\mcufinder
2025-10-25 11:33:32,612 [INFO] CrossReferenceDbSqlite:203 - Set database path to: C:\Users\Owner\.stmcufinder\plugins\mcufinder//mcu/cs/
2025-10-25 11:33:32,686 [INFO] MainPanel:272 - HeapMemory: 268435456
2025-10-25 11:33:32,805 [INFO] DbMcusXml:78 - Set database path to: C:\ST\STM32CubeIDE_1.17.0\STM32CubeIDE\plugins\com.st.stm32cube.common.mx_6.13.0.202411220809\\db\/mcu/
2025-10-25 11:33:32,805 [INFO] ApiDb:274 - Set plugin database path to: C:\ST\STM32CubeIDE_1.17.0\STM32CubeIDE\plugins\com.st.stm32cube.common.mx_6.13.0.202411220809\\db\/plugins/boardmanager/
2025-10-25 11:33:32,805 [INFO] ApiDb:261 - Set plugin images path to: C:\ST\STM32CubeIDE_1.17.0\STM32CubeIDE\plugins\com.st.stm32cube.common.mx_6.13.0.202411220809\\db\/plugins/mcufinder/images/
2025-10-25 11:33:32,805 [WARN] DbFile:41 - Overriding database path with different value: C:\Users\Owner\.stmcufinder\plugins\mcufinder/ => C:\Users\Owner\.stmcufinder\plugins\mcufinder
2025-10-25 11:33:32,805 [INFO] ApiDb:250 - Set database path to: C:\Users\Owner\.stmcufinder\plugins\mcufinder//mcu/
2025-10-25 11:33:32,805 [WARN] DbFile:41 - Overriding database path with different value: C:\Users\Owner\.stmcufinder\plugins\mcufinder/ => C:\Users\Owner\.stmcufinder\plugins\mcufinder
2025-10-25 11:33:32,805 [INFO] DbMcusAds:125 - Set database path to: C:\Users\Owner\.stmcufinder\plugins\mcufinder//mcu/
2025-10-25 11:33:32,806 [WARN] DbFile:41 - Overriding database path with different value: C:\Users\Owner\.stmcufinder\plugins\mcufinder/ => C:\Users\Owner\.stmcufinder\plugins\mcufinder
2025-10-25 11:33:32,806 [WARN] DbFile:41 - Overriding database path with different value: C:\Users\Owner\.stmcufinder\plugins\mcufinder/ => C:\Users\Owner\.stmcufinder\plugins\mcufinder
2025-10-25 11:33:32,806 [INFO] CrossReferenceDbSqlite:203 - Set database path to: C:\Users\Owner\.stmcufinder\plugins\mcufinder//mcu/cs/
2025-10-25 11:33:32,826 [INFO] ApplicationProperties:184 - Using Application install path: C:\ST\STM32CubeIDE_1.17.0\STM32CubeIDE\plugins\com.st.stm32cube.common.mx_6.13.0.202411220809
2025-10-25 11:33:32,827 [INFO] PluginManage:196 - Search for loadable plugins [exclusion list=, ]
2025-10-25 11:33:32,829 [INFO] PluginManage:310 - Check plugin analytics
2025-10-25 11:33:32,991 [INFO] AnalyticsPlugin:253 - Accepted Software Licenses: 
2025-10-25 11:33:32,991 [INFO] AnalyticsPlugin:255 - Accepted CMSIS Pack Licenses: 
2025-10-25 11:33:32,991 [INFO] AnalyticsPlugin:257 - Accepted Firmware Licenses: FW.F4.1.28.0
2025-10-25 11:33:32,994 [INFO] PluginManage:359 - Loaded plugin analytics (category:tool,tabindex:-1)
2025-10-25 11:33:32,994 [INFO] PluginManage:310 - Check plugin cadmodel
2025-10-25 11:33:33,013 [INFO] CADModel:105 - Init CAD model plugin
2025-10-25 11:33:33,013 [INFO] PluginManage:359 - Loaded plugin cadmodel (category:power,tabindex:5)
2025-10-25 11:33:33,013 [INFO] PluginManage:310 - Check plugin clock
2025-10-25 11:33:33,034 [INFO] PluginManage:359 - Loaded plugin clock (category:base,tabindex:2)
2025-10-25 11:33:33,034 [INFO] PluginManage:310 - Check plugin ddr
2025-10-25 11:33:33,037 [INFO] PluginManage:359 - Loaded plugin ddr (category:tool,tabindex:6)
2025-10-25 11:33:33,037 [INFO] PluginManage:310 - Check plugin filemanager
2025-10-25 11:33:33,237 [INFO] PluginManage:359 - Loaded plugin filemanager (category:base,tabindex:10)
2025-10-25 11:33:33,237 [INFO] PluginManage:310 - Check plugin ipmanager
2025-10-25 11:33:33,245 [INFO] PluginManage:359 - Loaded plugin ipmanager (category:base,tabindex:5)
2025-10-25 11:33:33,246 [INFO] PluginManage:310 - Check plugin lpbam
2025-10-25 11:33:33,266 [INFO] PluginManage:359 - Loaded plugin lpbam (category:base,tabindex:0)
2025-10-25 11:33:33,266 [INFO] PluginManage:310 - Check plugin memorymap
2025-10-25 11:33:33,289 [INFO] PluginManage:359 - Loaded plugin memorymap (category:base,tabindex:4)
2025-10-25 11:33:33,290 [INFO] PluginManage:310 - Check plugin pinoutandconfiguration
2025-10-25 11:33:33,310 [INFO] PluginManage:359 - Loaded plugin pinoutandconfiguration (category:base,tabindex:1)
2025-10-25 11:33:33,310 [INFO] PluginManage:310 - Check plugin pinoutconfig
2025-10-25 11:33:33,402 [WARN] SupportedApi:132 - Cannot load RTOS API schema: s4s-elt-must-match.1: The content of 'definitions' must match (annotation?, (simpleType | complexType)?, (unique | key | keyref)*)). A problem was found starting at: attribute.
2025-10-25 11:33:33,564 [INFO] PluginManage:359 - Loaded plugin pinoutconfig (category:base,tabindex:0)
2025-10-25 11:33:33,564 [INFO] PluginManage:310 - Check plugin power
2025-10-25 11:33:33,592 [INFO] PluginManage:359 - Loaded plugin power (category:power,tabindex:4)
2025-10-25 11:33:33,592 [INFO] PluginManage:310 - Check plugin projectmanager
2025-10-25 11:33:33,610 [INFO] PluginManage:359 - Loaded plugin projectmanager (category:projectmanager,tabindex:4)
2025-10-25 11:33:33,610 [INFO] PluginManage:310 - Check plugin rif
2025-10-25 11:33:33,630 [INFO] PluginManage:359 - Loaded plugin rif (category:base,tabindex:3)
2025-10-25 11:33:33,630 [INFO] PluginManage:310 - Check plugin thirdparty
2025-10-25 11:33:33,986 [INFO] PluginManage:359 - Loaded plugin thirdparty (category:base,tabindex:-1)
2025-10-25 11:33:33,986 [WARN] IntegrityCheckThread:84 - waiting for thirdparty lock release [integrity check]
2025-10-25 11:33:33,987 [INFO] PluginManage:310 - Check plugin tools
2025-10-25 11:33:33,987 [INFO] IntegrityCheckThread:86 - entering critical section [integrity check]
2025-10-25 11:33:33,987 [INFO] ThirdPartyUpdaterWithRetryManager:70 - Updater plugin not ready yet. [1/15]
2025-10-25 11:33:34,035 [INFO] PluginManage:359 - Loaded plugin tools (category:base,tabindex:7)
2025-10-25 11:33:34,035 [INFO] PluginManage:310 - Check plugin tutovideos
2025-10-25 11:33:34,216 [INFO] PluginManage:359 - Loaded plugin tutovideos (category:base,tabindex:-1)
2025-10-25 11:33:34,216 [INFO] PluginManage:310 - Check plugin updater
2025-10-25 11:33:34,238 [INFO] PluginManage:359 - Loaded plugin updater (category:base,tabindex:12)
2025-10-25 11:33:34,239 [INFO] PluginManage:310 - Check plugin userauth
2025-10-25 11:33:34,244 [INFO] UserAuth:118 - Init User Auth plugin
2025-10-25 11:33:34,247 [INFO] PluginManage:359 - Loaded plugin userauth (category:base,tabindex:14)
2025-10-25 11:33:34,247 [INFO] PluginManage:283 - PluginManage : Loaded plugins [18]
2025-10-25 11:33:34,468 [INFO] PinOutPanel:1589 - setPackage(No Configuration,No Configuration)
2025-10-25 11:33:34,543 [INFO] CADModel:165 - CPN selected for project level
2025-10-25 11:33:34,543 [INFO] CADModel:114 - Register for checkConnection events
2025-10-25 11:33:34,573 [INFO] IPUIPlugin:80 - create IPUIPlugin
2025-10-25 11:33:34,573 [INFO] PluginManager:220 - loadIPPluginJar : add adc
2025-10-25 11:33:34,623 [INFO] IPUIPlugin:80 - create IPUIPlugin
2025-10-25 11:33:34,624 [INFO] PluginManager:220 - loadIPPluginJar : add aes
2025-10-25 11:33:34,681 [INFO] IPUIPlugin:80 - create IPUIPlugin
2025-10-25 11:33:34,681 [INFO] PluginManager:220 - loadIPPluginJar : add can
2025-10-25 11:33:34,714 [INFO] IPUIPlugin:80 - create IPUIPlugin
2025-10-25 11:33:34,714 [INFO] PluginManager:220 - loadIPPluginJar : add comp
2025-10-25 11:33:34,753 [INFO] IPUIPlugin:80 - create IPUIPlugin
2025-10-25 11:33:34,753 [INFO] PluginManager:220 - loadIPPluginJar : add cryp
2025-10-25 11:33:34,767 [INFO] IPUIPlugin:80 - create IPUIPlugin
2025-10-25 11:33:34,767 [INFO] PluginManager:220 - loadIPPluginJar : add ddr_ctrl_phy
2025-10-25 11:33:34,804 [INFO] IPUIPlugin:80 - create IPUIPlugin
2025-10-25 11:33:34,804 [INFO] PluginManager:220 - loadIPPluginJar : add dfsdm
2025-10-25 11:33:34,819 [INFO] IPUIPlugin:80 - create IPUIPlugin
2025-10-25 11:33:34,820 [INFO] PluginManager:220 - loadIPPluginJar : add dma
2025-10-25 11:33:34,868 [INFO] IPUIPlugin:80 - create IPUIPlugin
2025-10-25 11:33:34,868 [INFO] PluginManager:220 - loadIPPluginJar : add dma3
2025-10-25 11:33:34,921 [INFO] IPUIPlugin:80 - create IPUIPlugin
2025-10-25 11:33:34,922 [INFO] PluginManager:220 - loadIPPluginJar : add extmemmanager
2025-10-25 11:33:34,951 [INFO] IPUIPlugin:80 - create IPUIPlugin
2025-10-25 11:33:34,951 [INFO] PluginManager:220 - loadIPPluginJar : add fatfs
2025-10-25 11:33:35,009 [INFO] IPUIPlugin:80 - create IPUIPlugin
2025-10-25 11:33:35,009 [INFO] PluginManager:220 - loadIPPluginJar : add fmc
2025-10-25 11:33:35,027 [INFO] IPUIPlugin:80 - create IPUIPlugin
2025-10-25 11:33:35,027 [INFO] PluginManager:220 - loadIPPluginJar : add freertos
2025-10-25 11:33:35,055 [INFO] IPUIPlugin:80 - create IPUIPlugin
2025-10-25 11:33:35,055 [INFO] PluginManager:220 - loadIPPluginJar : add genericplugin
2025-10-25 11:33:35,181 [INFO] IPUIPlugin:80 - create IPUIPlugin
2025-10-25 11:33:35,181 [INFO] PluginManager:220 - loadIPPluginJar : add gfxmmu
2025-10-25 11:33:35,345 [INFO] IPUIPlugin:80 - create IPUIPlugin
2025-10-25 11:33:35,346 [INFO] PluginManager:220 - loadIPPluginJar : add gic
2025-10-25 11:33:35,360 [INFO] IPUIPlugin:80 - create IPUIPlugin
2025-10-25 11:33:35,360 [INFO] PluginManager:220 - loadIPPluginJar : add gpio
2025-10-25 11:33:35,473 [INFO] IPUIPlugin:80 - create IPUIPlugin
2025-10-25 11:33:35,473 [INFO] PluginManager:220 - loadIPPluginJar : add gtzc
2025-10-25 11:33:35,514 [INFO] IPUIPlugin:80 - create IPUIPlugin
2025-10-25 11:33:35,514 [INFO] PluginManager:220 - loadIPPluginJar : add hash
2025-10-25 11:33:35,586 [INFO] IPUIPlugin:80 - create IPUIPlugin
2025-10-25 11:33:35,586 [INFO] PluginManager:220 - loadIPPluginJar : add i2c
2025-10-25 11:33:35,637 [INFO] IPUIPlugin:80 - create IPUIPlugin
2025-10-25 11:33:35,637 [INFO] PluginManager:220 - loadIPPluginJar : add i2s
2025-10-25 11:33:35,690 [INFO] IPUIPlugin:80 - create IPUIPlugin
2025-10-25 11:33:35,690 [INFO] PluginManager:220 - loadIPPluginJar : add i3c
2025-10-25 11:33:35,811 [INFO] IPUIPlugin:80 - create IPUIPlugin
2025-10-25 11:33:35,811 [INFO] PluginManager:220 - loadIPPluginJar : add ipddr
2025-10-25 11:33:35,924 [INFO] IPUIPlugin:80 - create IPUIPlugin
2025-10-25 11:33:35,924 [INFO] PluginManager:220 - loadIPPluginJar : add linkedlist
2025-10-25 11:33:35,970 [INFO] IPUIPlugin:80 - create IPUIPlugin
2025-10-25 11:33:35,970 [INFO] PluginManager:220 - loadIPPluginJar : add lorawan
2025-10-25 11:33:36,016 [INFO] IPUIPlugin:80 - create IPUIPlugin
2025-10-25 11:33:36,016 [INFO] PluginManager:220 - loadIPPluginJar : add ltdc
2025-10-25 11:33:36,033 [INFO] IPUIPlugin:80 - create IPUIPlugin
2025-10-25 11:33:36,033 [INFO] PluginManager:220 - loadIPPluginJar : add mdma
2025-10-25 11:33:36,049 [INFO] IPUIPlugin:80 - create IPUIPlugin
2025-10-25 11:33:36,049 [INFO] PluginManager:220 - loadIPPluginJar : add nvic
2025-10-25 11:33:36,096 [INFO] IPUIPlugin:80 - create IPUIPlugin
2025-10-25 11:33:36,097 [INFO] PluginManager:220 - loadIPPluginJar : add opamp
2025-10-25 11:33:36,176 [INFO] IPUIPlugin:80 - create IPUIPlugin
2025-10-25 11:33:36,177 [INFO] PluginManager:220 - loadIPPluginJar : add openamp
2025-10-25 11:33:36,229 [INFO] IPUIPlugin:80 - create IPUIPlugin
2025-10-25 11:33:36,229 [INFO] PluginManager:220 - loadIPPluginJar : add pdm2pcm
2025-10-25 11:33:36,244 [INFO] IPUIPlugin:80 - create IPUIPlugin
2025-10-25 11:33:36,246 [INFO] PluginManager:220 - loadIPPluginJar : add plateformsettings
2025-10-25 11:33:36,275 [INFO] IPUIPlugin:80 - create IPUIPlugin
2025-10-25 11:33:36,275 [INFO] PluginManager:220 - loadIPPluginJar : add quadspi
2025-10-25 11:33:36,308 [INFO] IPUIPlugin:80 - create IPUIPlugin
2025-10-25 11:33:36,309 [INFO] PluginManager:220 - loadIPPluginJar : add radio
2025-10-25 11:33:36,326 [INFO] IPUIPlugin:80 - create IPUIPlugin
2025-10-25 11:33:36,327 [INFO] PluginManager:220 - loadIPPluginJar : add resmgrutility
2025-10-25 11:33:36,385 [INFO] IPUIPlugin:80 - create IPUIPlugin
2025-10-25 11:33:36,385 [INFO] PluginManager:220 - loadIPPluginJar : add sai
2025-10-25 11:33:36,432 [INFO] IPUIPlugin:80 - create IPUIPlugin
2025-10-25 11:33:36,432 [INFO] PluginManager:220 - loadIPPluginJar : add spi
2025-10-25 11:33:36,512 [INFO] IPUIPlugin:80 - create IPUIPlugin
2025-10-25 11:33:36,512 [INFO] PluginManager:220 - loadIPPluginJar : add stm32_wpan
2025-10-25 11:33:36,544 [INFO] IPUIPlugin:80 - create IPUIPlugin
2025-10-25 11:33:36,544 [INFO] PluginManager:220 - loadIPPluginJar : add tim
2025-10-25 11:33:36,618 [INFO] IPUIPlugin:80 - create IPUIPlugin
2025-10-25 11:33:36,618 [INFO] PluginManager:220 - loadIPPluginJar : add touchsensing
2025-10-25 11:33:36,648 [INFO] IPUIPlugin:80 - create IPUIPlugin
2025-10-25 11:33:36,648 [INFO] PluginManager:220 - loadIPPluginJar : add tracer_emb
2025-10-25 11:33:36,679 [INFO] IPUIPlugin:80 - create IPUIPlugin
2025-10-25 11:33:36,679 [INFO] PluginManager:220 - loadIPPluginJar : add ts
2025-10-25 11:33:36,709 [INFO] IPUIPlugin:80 - create IPUIPlugin
2025-10-25 11:33:36,709 [INFO] PluginManager:220 - loadIPPluginJar : add tsc
2025-10-25 11:33:36,736 [INFO] IPUIPlugin:80 - create IPUIPlugin
2025-10-25 11:33:36,736 [INFO] PluginManager:220 - loadIPPluginJar : add ucpd
2025-10-25 11:33:36,788 [INFO] IPUIPlugin:80 - create IPUIPlugin
2025-10-25 11:33:36,788 [INFO] PluginManager:220 - loadIPPluginJar : add usart
2025-10-25 11:33:36,839 [INFO] IPUIPlugin:80 - create IPUIPlugin
2025-10-25 11:33:36,839 [INFO] PluginManager:220 - loadIPPluginJar : add usbx
2025-10-25 11:33:36,961 [FATAL] Updater:351 - Updater called before beeing initialized
2025-10-25 11:33:36,988 [INFO] RulesReader:64 - Compatibility file has been processed (297 Rules)
2025-10-25 11:33:36,988 [INFO] ThirdPartyUpdaterWithRetryManager:70 - Updater plugin not ready yet. [2/15]
2025-10-25 11:33:36,998 [INFO] RulesReader:64 - Compatibility file has been processed (297 Rules)
2025-10-25 11:33:37,006 [INFO] CADModel:165 - CPN selected for project level
2025-10-25 11:33:37,006 [INFO] CADModel:114 - Register for checkConnection events
2025-10-25 11:33:37,006 [FATAL] Updater:351 - Updater called before beeing initialized
2025-10-25 11:33:37,006 [ERROR] CADModel:125 - Updater not yet initialized, retry later 
2025-10-25 11:33:37,135 [FATAL] Updater:351 - Updater called before beeing initialized
2025-10-25 11:33:37,137 [INFO] CADModel:165 - CPN selected for project level
2025-10-25 11:33:37,138 [INFO] CADModel:114 - Register for checkConnection events
2025-10-25 11:33:37,138 [FATAL] Updater:351 - Updater called before beeing initialized
2025-10-25 11:33:37,138 [ERROR] CADModel:125 - Updater not yet initialized, retry later 
2025-10-25 11:33:37,141 [FATAL] Updater:351 - Updater called before beeing initialized
2025-10-25 11:33:37,233 [FATAL] Updater:351 - Updater called before beeing initialized
2025-10-25 11:33:37,246 [INFO] DbMcusAds:53 - JSON generation date=Thu Oct 02 04:36:05 CDT 2025 (1759397765645)
2025-10-25 11:33:37,246 [FATAL] Updater:351 - Updater called before beeing initialized
2025-10-25 11:33:37,282 [WARN] DetailPanel:346 - Failed to get advertising image, set to default
2025-10-25 11:33:37,477 [FATAL] Updater:351 - Updater called before beeing initialized
2025-10-25 11:33:37,482 [FATAL] Updater:351 - Updater called before beeing initialized
2025-10-25 11:33:37,482 [FATAL] Updater:351 - Updater called before beeing initialized
2025-10-25 11:33:37,482 [WARN] DetailPanel:346 - Failed to get advertising image, set to default
2025-10-25 11:33:37,483 [FATAL] Updater:351 - Updater called before beeing initialized
2025-10-25 11:33:37,542 [ERROR] Updater:1198 - MainUpdater not yet initialized. External WinMGr cannot be set.
2025-10-25 11:33:37,553 [INFO] Updater:1134 - Updater Version found : 6.13.0
2025-10-25 11:33:37,571 [INFO] ApplicationProperties:184 - Using Application install path: C:\ST\STM32CubeIDE_1.17.0\STM32CubeIDE\plugins\com.st.stm32cube.common.mx_6.13.0.202411220809
2025-10-25 11:33:39,151 [ERROR] LogOutputStream:75 - [STDERR_REDIRECT] Oct 25, 2025 11:33:39 AM java.util.prefs.WindowsPreferences <init>
2025-10-25 11:33:39,152 [ERROR] LogOutputStream:75 - [STDERR_REDIRECT] WARNING: Could not open/create prefs root node Software\JavaSoft\Prefs at root 0xffffffff80000002. Windows RegCreateKeyEx(...) returned error code 5.
2025-10-25 11:33:39,152 [ERROR] LogOutputStream:75 - [STDERR_REDIRECT] 
2025-10-25 11:33:39,448 [INFO] MainUpdater:2872 - connection check result : 10
2025-10-25 11:33:39,449 [INFO] MainUpdater:289 - Updater Check For Update Now.
2025-10-25 11:33:39,449 [INFO] MicroXplorer:498 - Change Database Version : DB.6.0.130
2025-10-25 11:33:39,470 [INFO] McuFinderGlobals:63 - Set McuFinder mode to 2 (CubeIDE integrated)
2025-10-25 11:33:39,481 [INFO] UserAuth:486 - Internet connection configuration mode: 1
2025-10-25 11:33:39,525 [INFO] JxBrowserEngine:152 - Initiate JxBrowser Engine with user profile folder
2025-10-25 11:33:39,682 [INFO] CheckServerUpdateThread:120 - End of CheckServer Thread
2025-10-25 11:33:40,286 [WARN] PackLoader:240 - Cannot read IP mode file for STMicroelectronics.FP-SNS-MOTENVWB1.1.4.0
2025-10-25 11:33:40,313 [WARN] PackLoader:240 - Cannot read IP mode file for STMicroelectronics.FP-ATR-ASTRA1.2.0.1
2025-10-25 11:33:40,339 [WARN] PackLoader:240 - Cannot read IP mode file for STMicroelectronics.X-CUBE-SMBUS.2.1.0
2025-10-25 11:33:40,358 [INFO] WebApp:168 - Instantiating new browser for Auth
2025-10-25 11:33:40,365 [WARN] PackLoader:240 - Cannot read IP mode file for STMicroelectronics.X-CUBE-WB05N.1.1.0
2025-10-25 11:33:40,398 [WARN] PackLoader:240 - Cannot read IP mode file for STMicroelectronics.X-CUBE-ST60.1.0.0
2025-10-25 11:33:40,481 [WARN] PackLoader:240 - Cannot read IP mode file for STMicroelectronics.X-CUBE-AZRTOS-F7.1.1.0
2025-10-25 11:33:40,519 [WARN] PackLoader:240 - Cannot read IP mode file for STMicroelectronics.FP-SNS-FLIGHT1.5.0.2
2025-10-25 11:33:40,574 [WARN] PackLoader:240 - Cannot read IP mode file for Infineon.AIROC-Wi-Fi-Bluetooth-STM32.1.7.0
2025-10-25 11:33:40,629 [WARN] PackLoader:240 - Cannot read IP mode file for STMicroelectronics.X-CUBE-AZRTOS-H7.3.4.0
2025-10-25 11:33:40,656 [WARN] PackLoader:240 - Cannot read IP mode file for STMicroelectronics.X-CUBE-DISPLAY.3.0.0
2025-10-25 11:33:40,685 [WARN] PackLoader:240 - Cannot read IP mode file for STMicroelectronics.X-CUBE-BLE1.7.0.0
2025-10-25 11:33:40,705 [WARN] PackLoader:240 - Cannot read IP mode file for STMicroelectronics.X-CUBE-NFC10.1.0.0
2025-10-25 11:33:40,733 [WARN] PackLoader:240 - Cannot read IP mode file for STMicroelectronics.X-CUBE-BLEMGR.4.0.0
2025-10-25 11:33:40,758 [WARN] PackLoader:240 - Cannot read IP mode file for STMicroelectronics.X-CUBE-ST60.1.1.0
2025-10-25 11:33:40,783 [WARN] PackLoader:240 - Cannot read IP mode file for emotas.I-CUBE-CANOPEN.1.3.0
2025-10-25 11:33:40,801 [WARN] PackLoader:240 - Cannot read IP mode file for STMicroelectronics.FP-SNS-SMARTAG2.1.2.0
2025-10-25 11:33:40,822 [WARN] PackLoader:240 - Cannot read IP mode file for STMicroelectronics.FP-SNS-FLIGHT1.5.1.0
2025-10-25 11:33:40,901 [WARN] PackLoader:240 - Cannot read IP mode file for STMicroelectronics.X-CUBE-MEMS1.11.1.0
2025-10-25 11:33:41,099 [INFO] LogOutputStream:77 - [STDOUT_REDIRECT] 1 : Invalid condition id : UX_CORESTACK_Condition cause : null
2025-10-25 11:33:41,100 [INFO] LogOutputStream:77 - [STDOUT_REDIRECT] 1 : Invalid condition id : UX_CORESTACK_Condition cause : null
2025-10-25 11:33:41,101 [INFO] LogOutputStream:77 - [STDOUT_REDIRECT] 1 : Invalid condition id : UX_CORESTACK_Condition cause : null
2025-10-25 11:33:41,102 [INFO] LogOutputStream:77 - [STDOUT_REDIRECT] 1 : Invalid condition id : UX_CORESTACK_Condition cause : null
2025-10-25 11:33:41,103 [INFO] LogOutputStream:77 - [STDOUT_REDIRECT] 1 : Invalid condition id : UX_CORESTACK_Condition cause : null
2025-10-25 11:33:41,106 [WARN] PackLoader:240 - Cannot read IP mode file for STMicroelectronics.X-CUBE-AZRTOS-WL.2.0.0
2025-10-25 11:33:41,130 [WARN] PackLoader:240 - Cannot read IP mode file for STMicroelectronics.FP-SNS-MOTENV1.5.0.0
2025-10-25 11:33:41,154 [WARN] PackLoader:240 - Cannot read IP mode file for wolfSSL.I-CUBE-wolfMQTT.1.19.0
2025-10-25 11:33:41,176 [WARN] PackLoader:240 - Cannot read IP mode file for WES.I-CUBE-Cesium.1.3.0
2025-10-25 11:33:41,197 [WARN] PackLoader:240 - Cannot read IP mode file for STMicroelectronics.X-CUBE-BLE2.3.3.0
2025-10-25 11:33:41,217 [WARN] PackLoader:240 - Cannot read IP mode file for STMicroelectronics.X-CUBE-NFC9.1.0.0
2025-10-25 11:33:41,238 [WARN] PackLoader:240 - Cannot read IP mode file for STMicroelectronics.X-CUBE-BLE1.7.1.0
2025-10-25 11:33:41,258 [WARN] PackLoader:240 - Cannot read IP mode file for STMicroelectronics.X-CUBE-EEPRMA1.5.2.0
2025-10-25 11:33:41,284 [ERROR] Engine:466 - C:\Users\Owner\.stm32cubemx\thirdparties\pdsc\STMicroelectronics.X-CUBE-ST67W61.1.1.0.pdsc: PDSC version is not supported
2025-10-25 11:33:41,321 [WARN] PackLoader:240 - Cannot read IP mode file for STMicroelectronics.X-CUBE-AZRTOS-G0.1.1.0
2025-10-25 11:33:41,354 [WARN] PackLoader:240 - Cannot read IP mode file for STMicroelectronics.X-CUBE-SAFEA1.1.2.2
2025-10-25 11:33:41,379 [WARN] PackLoader:240 - Cannot read IP mode file for STMicroelectronics.X-CUBE-NFC4.3.0.0
2025-10-25 11:33:41,417 [WARN] PackLoader:240 - Cannot read IP mode file for EmbeddedOffice.I-CUBE-FS-RTOS.1.0.1
2025-10-25 11:33:41,444 [WARN] PackLoader:240 - Cannot read IP mode file for STMicroelectronics.X-CUBE-WB05N.2.0.0
2025-10-25 11:33:41,472 [INFO] WebApp:449 - Apply proxy settings
2025-10-25 11:33:41,472 [WARN] PackLoader:240 - Cannot read IP mode file for STMicroelectronics.X-CUBE-TCPP.4.2.0
2025-10-25 11:33:41,472 [INFO] WebApp:534 - Chromium requires no authentication
2025-10-25 11:33:41,490 [INFO] WebApp:477 - Direct internet connection detected
2025-10-25 11:33:41,509 [WARN] PackLoader:240 - Cannot read IP mode file for RealThread.X-CUBE-RT-Thread_Nano.4.1.1
2025-10-25 11:33:41,534 [WARN] PackLoader:240 - Cannot read IP mode file for STMicroelectronics.FP-ATR-SIGFOX1.3.2.0
2025-10-25 11:33:41,536 [INFO] WebApp:880 - Register for checkConnection events
2025-10-25 11:33:41,537 [INFO] WebApp:449 - Apply proxy settings
2025-10-25 11:33:41,537 [INFO] WebApp:534 - Chromium requires no authentication
2025-10-25 11:33:41,539 [INFO] WebApp:477 - Direct internet connection detected
2025-10-25 11:33:41,560 [WARN] ConditionMgr:438 - getConditionDescription Invalid condition id : Cortex-A Device cause : null
2025-10-25 11:33:41,602 [WARN] ConditionMgr:1044 - genDependencies : Invalid condition id : Cortex-A Device cause : null
2025-10-25 11:33:41,602 [WARN] ConditionMgr:1044 - genDependencies : Invalid condition id : Cortex-A Device cause : null
2025-10-25 11:33:41,602 [WARN] ConditionMgr:1044 - genDependencies : Invalid condition id : Cortex-A Device cause : null
2025-10-25 11:33:41,621 [WARN] PackLoader:240 - Cannot read IP mode file for STMicroelectronics.X-CUBE-EEPRMA1.5.1.0
2025-10-25 11:33:41,638 [WARN] PackLoader:240 - Cannot read IP mode file for wolfSSL.I-CUBE-wolfSSL.5.7.4
2025-10-25 11:33:41,657 [WARN] PackLoader:240 - Cannot read IP mode file for ITTIA_DB.I-CUBE-ITTIADB.8.9.0
2025-10-25 11:33:41,676 [WARN] PackLoader:240 - Cannot read IP mode file for STMicroelectronics.X-CUBE-ST67W61.1.0.0
2025-10-25 11:33:41,702 [WARN] PackLoader:240 - Cannot read IP mode file for STMicroelectronics.X-CUBE-AI.10.2.0
2025-10-25 11:33:41,717 [INFO] WebApp:187 - Connection restablished
2025-10-25 11:33:41,758 [WARN] PackLoader:240 - Cannot read IP mode file for SEGGER.I-CUBE-embOS.1.3.1
2025-10-25 11:33:41,890 [INFO] WebApp:221 - Starting web application
2025-10-25 11:33:41,890 [INFO] WebApp:579 - Web application path used C:\ST\STM32CubeIDE_1.17.0\STM32CubeIDE\plugins\com.st.stm32cube.common.mx_6.13.0.202411220809\db\plugins\mcufinder\reactClient1\index.html
2025-10-25 11:33:41,890 [WARN] PackLoader:240 - Cannot read IP mode file for STMicroelectronics.X-CUBE-ALGOBUILD.1.4.0
2025-10-25 11:33:41,975 [WARN] PackLoader:240 - Cannot read IP mode file for STMicroelectronics.X-CUBE-MEMS1.11.3.0
2025-10-25 11:33:42,168 [WARN] PackLoader:240 - Cannot read IP mode file for STMicroelectronics.X-CUBE-AI.9.1.0
2025-10-25 11:33:42,203 [WARN] PackLoader:240 - Cannot read IP mode file for STMicroelectronics.X-CUBE-PM33A1.1.0.0
2025-10-25 11:33:42,264 [WARN] PackLoader:240 - Cannot read IP mode file for STMicroelectronics.X-CUBE-AZRTOS-F4.1.1.0
2025-10-25 11:33:42,297 [WARN] PackLoader:240 - Cannot read IP mode file for STMicroelectronics.X-CUBE-ISPU.2.1.0
2025-10-25 11:33:42,331 [ERROR] Engine:466 - C:\Users\Owner\.stm32cubemx\thirdparties\pdsc\STMicroelectronics.X-CUBE-IPS.3.2.0.pdsc: PDSC version is not supported
2025-10-25 11:33:42,358 [WARN] PackLoader:240 - Cannot read IP mode file for STMicroelectronics.X-CUBE-NFC12.1.0.0
2025-10-25 11:33:42,408 [INFO] UserAuth:486 - Internet connection configuration mode: 1
2025-10-25 11:33:42,421 [WARN] PackLoader:240 - Cannot read IP mode file for STMicroelectronics.X-CUBE-AZRTOS-L5.2.0.0
2025-10-25 11:33:42,464 [WARN] PackLoader:240 - Cannot read IP mode file for STMicroelectronics.X-CUBE-NFC6.3.1.0
2025-10-25 11:33:42,521 [WARN] PackLoader:240 - Cannot read IP mode file for STMicroelectronics.X-CUBE-DPower.1.2.0
2025-10-25 11:33:42,549 [WARN] PackLoader:240 - Cannot read IP mode file for STMicroelectronics.X-CUBE-FREERTOS.1.3.1
2025-10-25 11:33:42,571 [WARN] PackLoader:240 - Cannot read IP mode file for STMicroelectronics.X-CUBE-FREERTOS.1.3.0
2025-10-25 11:33:42,597 [WARN] PackLoader:240 - Cannot read IP mode file for STMicroelectronics.X-CUBE-NFC7.1.0.1
2025-10-25 11:33:42,628 [WARN] PackLoader:240 - Cannot read IP mode file for STMicroelectronics.X-CUBE-TOUCHGFX.4.26.0
2025-10-25 11:33:42,653 [WARN] PackLoader:240 - Cannot read IP mode file for STMicroelectronics.FP-SNS-STAIOTCFT.1.0.0
2025-10-25 11:33:42,688 [WARN] PackLoader:240 - Cannot read IP mode file for STMicroelectronics.X-CUBE-DPower.1.3.0
2025-10-25 11:33:42,737 [WARN] ConditionMgr:438 - getConditionDescription Invalid condition id : LAN8742 Phy interface Condition cause : null
2025-10-25 11:33:42,738 [WARN] PackLoader:240 - Cannot read IP mode file for STMicroelectronics.X-CUBE-AZRTOS-L4.2.0.0
2025-10-25 11:33:42,739 [WARN] ConditionMgr:1044 - genDependencies : Invalid condition id : LAN8742 Phy interface Condition cause : null
2025-10-25 11:33:42,739 [WARN] ConditionMgr:1044 - genDependencies : Invalid condition id : LAN8742 Phy interface Condition cause : null
2025-10-25 11:33:42,740 [WARN] ConditionMgr:1044 - genDependencies : Invalid condition id : LAN8742 Phy interface Condition cause : null
2025-10-25 11:33:42,767 [WARN] PackLoader:240 - Cannot read IP mode file for STMicroelectronics.X-CUBE-SFXS2LP1.4.0.0
2025-10-25 11:33:42,822 [WARN] PackLoader:240 - Cannot read IP mode file for STMicroelectronics.X-CUBE-AZRTOS-H7.3.3.0
2025-10-25 11:33:42,858 [WARN] PackLoader:240 - Cannot read IP mode file for STMicroelectronics.X-CUBE-BLEMGR.4.1.0
2025-10-25 11:33:42,892 [WARN] PackLoader:240 - Cannot read IP mode file for STMicroelectronics.X-CUBE-IPS.3.0.0
2025-10-25 11:33:42,937 [WARN] ConditionMgr:438 - getConditionDescription Invalid condition id : UX DEVICE CLASS RTOS Condition cause : null
2025-10-25 11:33:42,938 [WARN] ConditionMgr:438 - getConditionDescription Invalid condition id : UX DEVICE CLASS RTOS Condition cause : null
2025-10-25 11:33:42,948 [WARN] PackLoader:240 - Cannot read IP mode file for STMicroelectronics.X-CUBE-AZRTOS-WB.2.0.0
2025-10-25 11:33:42,949 [WARN] ConditionMgr:1044 - genDependencies : Invalid condition id : UX DEVICE CLASS RTOS Condition cause : null
2025-10-25 11:33:42,949 [WARN] ConditionMgr:1044 - genDependencies : Invalid condition id : UX DEVICE CLASS RTOS Condition cause : null
2025-10-25 11:33:42,950 [WARN] ConditionMgr:1044 - genDependencies : Invalid condition id : UX DEVICE CLASS RTOS Condition cause : null
2025-10-25 11:33:42,950 [WARN] ConditionMgr:1044 - genDependencies : Invalid condition id : UX DEVICE CLASS RTOS Condition cause : null
2025-10-25 11:33:42,950 [WARN] ConditionMgr:1044 - genDependencies : Invalid condition id : UX DEVICE CLASS RTOS Condition cause : null
2025-10-25 11:33:42,980 [WARN] PackLoader:240 - Cannot read IP mode file for STMicroelectronics.X-CUBE-GNSS1.7.0.1
2025-10-25 11:33:43,011 [WARN] PackLoader:240 - Cannot read IP mode file for STMicroelectronics.X-CUBE-TOUCHGFX.4.25.0
2025-10-25 11:33:43,040 [WARN] PackLoader:240 - Cannot read IP mode file for STMicroelectronics.FP-SNS-STBOX1.2.0.0
2025-10-25 11:33:43,076 [WARN] PackLoader:240 - Cannot read IP mode file for STMicroelectronics.X-CUBE-SUBG2.5.0.0
2025-10-25 11:33:43,117 [WARN] PackLoader:240 - Cannot read IP mode file for STMicroelectronics.X-CUBE-AZRTOS-H7RS.1.1.0
2025-10-25 11:33:43,150 [WARN] PackLoader:240 - Cannot read IP mode file for Cesanta.I-CUBE-Mongoose.7.13.0
2025-10-25 11:33:43,192 [WARN] PackLoader:240 - Cannot read IP mode file for STMicroelectronics.X-CUBE-AZRTOS-G4.2.0.0
2025-10-25 11:33:43,211 [WARN] PackLoader:240 - Cannot read IP mode file for STMicroelectronics.X-CUBE-NFC7.2.0.0
2025-10-25 11:33:43,241 [WARN] PackLoader:240 - Cannot read IP mode file for STMicroelectronics.X-CUBE-IPS.3.1.0
2025-10-25 11:33:43,274 [WARN] PackLoader:240 - Cannot read IP mode file for STMicroelectronics.X-CUBE-ALS.1.0.2
2025-10-25 11:33:43,298 [WARN] PackLoader:240 - Cannot read IP mode file for STMicroelectronics.X-CUBE-TOUCHGFX.4.24.1
2025-10-25 11:33:43,331 [WARN] PackLoader:240 - Cannot read IP mode file for STMicroelectronics.X-CUBE-STSE01.1.0.0
2025-10-25 11:33:43,375 [WARN] PackLoader:240 - Cannot read IP mode file for wolfSSL.I-CUBE-wolfTPM.3.4.0
2025-10-25 11:33:43,395 [WARN] PackLoader:240 - Cannot read IP mode file for portGmbH.I-Cube-SoM-uGOAL.1.1.0
2025-10-25 11:33:43,425 [WARN] PackLoader:240 - Cannot read IP mode file for STMicroelectronics.X-CUBE-AZRTOS-H7RS.1.0.0
2025-10-25 11:33:43,448 [WARN] PackLoader:240 - Cannot read IP mode file for STMicroelectronics.X-CUBE-TOF1.3.4.2
2025-10-25 11:33:43,473 [WARN] PackLoader:240 - Cannot read IP mode file for STMicroelectronics.X-CUBE-TOF1.3.4.3
2025-10-25 11:33:43,494 [WARN] PackLoader:240 - Cannot read IP mode file for wolfSSL.I-CUBE-wolfSSH.1.4.17
2025-10-25 11:33:43,494 [INFO] ThirdParty:978 - Integrity check success = true
2025-10-25 11:33:43,494 [INFO] IntegrityCheckThread:100 - exiting critical section [integrity check]
2025-10-25 11:33:43,494 [INFO] IntegrityCheckThread:103 - End integrity checks thread
2025-10-25 11:34:15,082 [ERROR] LogOutputStream:75 - [STDERR_REDIRECT] 
